[2025-12-22T02:29:03.977Z] [INFO ] [Application] [C0E7343C09F80C74] ----------------- LAUNCH -----------------
[2025-12-22T02:29:04.001Z] [INFO ] [Application] [69200850EBC2CF19] Audit log integrity verified successfully.
[2025-12-22T02:29:04.738Z] [INFO ] [Application] [96A08376ADD70971] --- SYSTEM AUDIT STARTUP ---
[2025-12-22T02:29:04.739Z] [INFO ] [Application] [1AA86E4B60D5AF42] Host: DESKTOP-817MV0M | Fingerprint: F85D8BA3C0B5783276669B7E67151DE915AE2426A0635D8BC606ACF02DFBBD2D
[2025-12-22T02:29:04.739Z] [INFO ] [Application] [F922022F01091503] OS: Microsoft Windows 10.0.26100
[2025-12-22T02:29:04.740Z] [INFO ] [Application] [616959E910A78558] RAM Slot: DeviceLocator | Capacity: 0GB | Speed: SpeedMHz
[2025-12-22T02:29:04.740Z] [INFO ] [Application] [AF5BC00CDB025B0F] RAM Slot: DIMM_A1 | Capacity: 8GB | Speed: 2733MHz
[2025-12-22T02:29:04.742Z] [INFO ] [Application] [FDFCAEC38FE5D396] RAM Slot: DIMM_A2 | Capacity: 8GB | Speed: 2733MHz
[2025-12-22T02:29:04.742Z] [INFO ] [Application] [B4682ED80F75156A] RAM Slot: DIMM_B1 | Capacity: 8GB | Speed: 2733MHz
[2025-12-22T02:29:04.743Z] [INFO ] [Application] [1A5B40781881221E] RAM Slot: DIMM_B2 | Capacity: 8GB | Speed: 2733MHz
[2025-12-22T02:29:04.744Z] [INFO ] [Application] [800CDF2FC96B0A0A] GPU: NVIDIA GeForce RTX 3070
[2025-12-22T02:29:04.744Z] [INFO ] [Application] [62ADB652ADF30C2D] Storage: CT1000P3PSSD8 [Serial: 6479_A76F_A000_018C.]
[2025-12-22T02:29:04.745Z] [INFO ] [Application] [B03E64939014FB55] Storage: ST31000424CS [Serial: 5VX3224W]
[2025-12-22T02:29:04.745Z] [INFO ] [Application] [1DD6DBF6D40E09CE] Storage: ST2000DX001-1CM164 [Serial: Z1E9NDPW]
[2025-12-22T02:29:04.745Z] [INFO ] [Application] [6E8A3E0204551893] Storage: OCZ-VERTEX460 [Serial: OCZ-7EE762M9OI077FMH]
[2025-12-22T02:29:04.746Z] [INFO ] [Application] [16771D54D5F1B49A] Storage: ST1000DM003-1ER162 [Serial: Z4Y2SQTB]
[2025-12-22T02:29:04.746Z] [INFO ] [Application] [D279F14414014DDF] --- END SYSTEM AUDIT ---
[2025-12-22T02:29:04.949Z] [INFO ] [LocalizationManager] [FBD7189F206D9891] Interface localized to: en-GB
[2025-12-22T02:29:10.299Z] [INFO ] [Application] [C54A28B97457BF86] Application is shutting down. Exit Code: 0
[2025-12-22T02:29:10.301Z] [INFO ] [Application] [0A634A49FD2E7BD6] ----------------- END SESSION -----------------
[2025-12-22T02:29:27.681Z] [INFO ] [Application] [D128F6E6618C2465] ----------------- LAUNCH -----------------
[2025-12-22T02:29:27.705Z] [INFO ] [Application] [7E45E8FD06DD2AEB] Audit log integrity verified successfully.
[2025-12-22T02:29:28.415Z] [INFO ] [Application] [E5D4E9E99DA894F8] --- SYSTEM AUDIT STARTUP ---
[2025-12-22T02:29:28.416Z] [INFO ] [Application] [C16B707296159502] Host: DESKTOP-817MV0M | Fingerprint: F85D8BA3C0B5783276669B7E67151DE915AE2426A0635D8BC606ACF02DFBBD2D
[2025-12-22T02:29:28.416Z] [INFO ] [Application] [B6A0D2E648106BE9] OS: Microsoft Windows 10.0.26100
[2025-12-22T02:29:28.417Z] [INFO ] [Application] [89C6A3EC899BE54A] RAM Slot: DeviceLocator | Capacity: 0GB | Speed: SpeedMHz
[2025-12-22T02:29:28.417Z] [INFO ] [Application] [FF6C3C574A017E99] RAM Slot: DIMM_A1 | Capacity: 8GB | Speed: 2733MHz
[2025-12-22T02:29:28.417Z] [INFO ] [Application] [49CE8D86B6CA4CA1] RAM Slot: DIMM_A2 | Capacity: 8GB | Speed: 2733MHz
[2025-12-22T02:29:28.417Z] [INFO ] [Application] [1A154CA5142D62B3] RAM Slot: DIMM_B1 | Capacity: 8GB | Speed: 2733MHz
[2025-12-22T02:29:28.418Z] [INFO ] [Application] [8013BB8E21D9DAB9] RAM Slot: DIMM_B2 | Capacity: 8GB | Speed: 2733MHz
[2025-12-22T02:29:28.418Z] [INFO ] [Application] [8CA9215A3E495110] GPU: NVIDIA GeForce RTX 3070
[2025-12-22T02:29:28.419Z] [INFO ] [Application] [45846F920CD02B51] Storage: CT1000P3PSSD8 [Serial: 6479_A76F_A000_018C.]
[2025-12-22T02:29:28.419Z] [INFO ] [Application] [FB99B488360DAD50] Storage: ST31000424CS [Serial: 5VX3224W]
[2025-12-22T02:29:28.419Z] [INFO ] [Application] [A7F97A3574F4401A] Storage: ST2000DX001-1CM164 [Serial: Z1E9NDPW]
[2025-12-22T02:29:28.420Z] [INFO ] [Application] [C01B8C0302DDC951] Storage: OCZ-VERTEX460 [Serial: OCZ-7EE762M9OI077FMH]
[2025-12-22T02:29:28.420Z] [INFO ] [Application] [E1DFCAD5CAB29F9F] Storage: ST1000DM003-1ER162 [Serial: Z4Y2SQTB]
[2025-12-22T02:29:28.420Z] [INFO ] [Application] [9BD5E35440F390D1] --- END SYSTEM AUDIT ---
[2025-12-22T02:29:28.431Z] [INFO ] [LocalizationManager] [04DCE3B2EDCB8D3A] Interface localized to: en-GB
[2025-12-22T02:29:34.075Z] [ERROR] [LoginViewModel] [C9C473C30FFB24A8] Critical HMI Handshake failure | EX: Error loading discovery document: Error connecting to https://keycloak.yourdomain.com/realms/HMI/.well-known/openid-configuration: Temporary Redirect
[2025-12-22T02:29:36.734Z] [INFO ] [Application] [ED65EA78103BD09E] Application is shutting down. Exit Code: 0
[2025-12-22T02:29:36.734Z] [INFO ] [Application] [117AC355105B5115] ----------------- END SESSION -----------------
[2025-12-22T02:29:43.575Z] [INFO ] [Application] [B12C5728359F7101] ----------------- LAUNCH -----------------
[2025-12-22T02:29:43.597Z] [INFO ] [Application] [A77DBEA23DEA378B] Audit log integrity verified successfully.
[2025-12-22T02:29:44.302Z] [INFO ] [Application] [4F7E9443B35682B1] --- SYSTEM AUDIT STARTUP ---
[2025-12-22T02:29:44.302Z] [INFO ] [Application] [DC8BC631F2A5DE26] Host: DESKTOP-817MV0M | Fingerprint: F85D8BA3C0B5783276669B7E67151DE915AE2426A0635D8BC606ACF02DFBBD2D
[2025-12-22T02:29:44.303Z] [INFO ] [Application] [E3D3B785ABA49F8E] OS: Microsoft Windows 10.0.26100
[2025-12-22T02:29:44.303Z] [INFO ] [Application] [F0F0572D4317DA2F] RAM Slot: DeviceLocator | Capacity: 0GB | Speed: SpeedMHz
[2025-12-22T02:29:44.303Z] [INFO ] [Application] [D210218A0C88797D] RAM Slot: DIMM_A1 | Capacity: 8GB | Speed: 2733MHz
[2025-12-22T02:29:44.304Z] [INFO ] [Application] [E57F6AC3AA2C0FA2] RAM Slot: DIMM_A2 | Capacity: 8GB | Speed: 2733MHz
[2025-12-22T02:29:44.304Z] [INFO ] [Application] [D1DB199CE6EEDB7B] RAM Slot: DIMM_B1 | Capacity: 8GB | Speed: 2733MHz
[2025-12-22T02:29:44.304Z] [INFO ] [Application] [E146E1FA4156D761] RAM Slot: DIMM_B2 | Capacity: 8GB | Speed: 2733MHz
[2025-12-22T02:29:44.305Z] [INFO ] [Application] [2C6CF4BB025B99E0] GPU: NVIDIA GeForce RTX 3070
[2025-12-22T02:29:44.305Z] [INFO ] [Application] [7C12BDB5C1FC4EED] Storage: CT1000P3PSSD8 [Serial: 6479_A76F_A000_018C.]
[2025-12-22T02:29:44.305Z] [INFO ] [Application] [C5019278BBAB0F12] Storage: ST31000424CS [Serial: 5VX3224W]
[2025-12-22T02:29:44.306Z] [INFO ] [Application] [9499663D04681278] Storage: ST2000DX001-1CM164 [Serial: Z1E9NDPW]
[2025-12-22T02:29:44.306Z] [INFO ] [Application] [DEDB6CE046625956] Storage: OCZ-VERTEX460 [Serial: OCZ-7EE762M9OI077FMH]
[2025-12-22T02:29:44.306Z] [INFO ] [Application] [394EE756F115D02C] Storage: ST1000DM003-1ER162 [Serial: Z4Y2SQTB]
[2025-12-22T02:29:44.306Z] [INFO ] [Application] [745C61B3F04F2886] --- END SYSTEM AUDIT ---
[2025-12-22T02:29:44.314Z] [INFO ] [LocalizationManager] [55737FCBFF21E8A4] Interface localized to: en-GB
[2025-12-22T02:29:46.738Z] [INFO ] [Application] [B80EEB16D6AFB9C8] Application is shutting down. Exit Code: 0
[2025-12-22T02:29:46.739Z] [INFO ] [Application] [7C6F7D0E035DBB47] ----------------- END SESSION -----------------
[2025-12-22T02:30:04.953Z] [INFO ] [Application] [A7EF747E01ED56DE] ----------------- LAUNCH -----------------
[2025-12-22T02:30:04.988Z] [INFO ] [Application] [D7C18079AB85F055] Audit log integrity verified successfully.
[2025-12-22T02:30:05.699Z] [INFO ] [Application] [0899C66AF44EFBE4] --- SYSTEM AUDIT STARTUP ---
[2025-12-22T02:30:05.700Z] [INFO ] [Application] [69189DC142C0F4AA] Host: DESKTOP-817MV0M | Fingerprint: F85D8BA3C0B5783276669B7E67151DE915AE2426A0635D8BC606ACF02DFBBD2D
[2025-12-22T02:30:05.700Z] [INFO ] [Application] [1BE2D744E72EA77A] OS: Microsoft Windows 10.0.26100
[2025-12-22T02:30:05.701Z] [INFO ] [Application] [D1D040E6667C20A1] RAM Slot: DeviceLocator | Capacity: 0GB | Speed: SpeedMHz
[2025-12-22T02:30:05.701Z] [INFO ] [Application] [41ADF9EDCE987800] RAM Slot: DIMM_A1 | Capacity: 8GB | Speed: 2733MHz
[2025-12-22T02:30:05.701Z] [INFO ] [Application] [86E4644D42C18E0D] RAM Slot: DIMM_A2 | Capacity: 8GB | Speed: 2733MHz
[2025-12-22T02:30:05.702Z] [INFO ] [Application] [31BD04273FCA9BCE] RAM Slot: DIMM_B1 | Capacity: 8GB | Speed: 2733MHz
[2025-12-22T02:30:05.702Z] [INFO ] [Application] [A9033A11478E3A80] RAM Slot: DIMM_B2 | Capacity: 8GB | Speed: 2733MHz
[2025-12-22T02:30:05.703Z] [INFO ] [Application] [830FF7B17A707E20] GPU: NVIDIA GeForce RTX 3070
[2025-12-22T02:30:05.704Z] [INFO ] [Application] [649EF5837143F893] Storage: CT1000P3PSSD8 [Serial: 6479_A76F_A000_018C.]
[2025-12-22T02:30:05.704Z] [INFO ] [Application] [8AC2FFE6AE712B01] Storage: ST31000424CS [Serial: 5VX3224W]
[2025-12-22T02:30:05.704Z] [INFO ] [Application] [D33DDC0C1B6071C7] Storage: ST2000DX001-1CM164 [Serial: Z1E9NDPW]
[2025-12-22T02:30:05.705Z] [INFO ] [Application] [D81FCE8FD78FF52B] Storage: OCZ-VERTEX460 [Serial: OCZ-7EE762M9OI077FMH]
[2025-12-22T02:30:05.705Z] [INFO ] [Application] [DC09AB7DE3523FA4] Storage: ST1000DM003-1ER162 [Serial: Z4Y2SQTB]
[2025-12-22T02:30:05.705Z] [INFO ] [Application] [ACE5CC46EBECA387] --- END SYSTEM AUDIT ---
[2025-12-22T02:30:05.717Z] [INFO ] [LocalizationManager] [C23ABB9108EBD193] Interface localized to: en-GB
[2025-12-22T02:30:14.435Z] [INFO ] [Application] [AC898F6CBC6ACCCE] Application is shutting down. Exit Code: 0
[2025-12-22T02:30:14.436Z] [INFO ] [Application] [413078AEADBC07FC] ----------------- END SESSION -----------------
[2025-12-22T02:30:22.372Z] [INFO ] [Application] [BE34B7B98CFBEC22] ----------------- LAUNCH -----------------
[2025-12-22T02:30:22.399Z] [INFO ] [Application] [A1B26F194BE740EC] Audit log integrity verified successfully.
[2025-12-22T02:30:23.132Z] [INFO ] [Application] [FA2821D311B4E966] --- SYSTEM AUDIT STARTUP ---
[2025-12-22T02:30:23.133Z] [INFO ] [Application] [2782BD9C491D93D8] Host: DESKTOP-817MV0M | Fingerprint: F85D8BA3C0B5783276669B7E67151DE915AE2426A0635D8BC606ACF02DFBBD2D
[2025-12-22T02:30:23.133Z] [INFO ] [Application] [88E460C36C95707D] OS: Microsoft Windows 10.0.26100
[2025-12-22T02:30:23.134Z] [INFO ] [Application] [E7D3B489F1D056CA] RAM Slot: DeviceLocator | Capacity: 0GB | Speed: SpeedMHz
[2025-12-22T02:30:23.134Z] [INFO ] [Application] [DFB2F13616B5166F] RAM Slot: DIMM_A1 | Capacity: 8GB | Speed: 2733MHz
[2025-12-22T02:30:23.135Z] [INFO ] [Application] [9449B7DFEEEF2282] RAM Slot: DIMM_A2 | Capacity: 8GB | Speed: 2733MHz
[2025-12-22T02:30:23.135Z] [INFO ] [Application] [65B51F871CA482F7] RAM Slot: DIMM_B1 | Capacity: 8GB | Speed: 2733MHz
[2025-12-22T02:30:23.135Z] [INFO ] [Application] [170AFE34BD3FFD64] RAM Slot: DIMM_B2 | Capacity: 8GB | Speed: 2733MHz
[2025-12-22T02:30:23.136Z] [INFO ] [Application] [C4B464866BAF0CEE] GPU: NVIDIA GeForce RTX 3070
[2025-12-22T02:30:23.137Z] [INFO ] [Application] [20E68BA5C34CD23E] Storage: CT1000P3PSSD8 [Serial: 6479_A76F_A000_018C.]
[2025-12-22T02:30:23.137Z] [INFO ] [Application] [AF4D34450965C152] Storage: ST31000424CS [Serial: 5VX3224W]
[2025-12-22T02:30:23.138Z] [INFO ] [Application] [6F2A6A1E87418FD7] Storage: ST2000DX001-1CM164 [Serial: Z1E9NDPW]
[2025-12-22T02:30:23.138Z] [INFO ] [Application] [880DA4BF3AACFD15] Storage: OCZ-VERTEX460 [Serial: OCZ-7EE762M9OI077FMH]
[2025-12-22T02:30:23.138Z] [INFO ] [Application] [3A03294F0FA93E75] Storage: ST1000DM003-1ER162 [Serial: Z4Y2SQTB]
[2025-12-22T02:30:23.139Z] [INFO ] [Application] [6BF03DC00BAAF51E] --- END SYSTEM AUDIT ---
[2025-12-22T02:30:23.165Z] [INFO ] [LocalizationManager] [8ADF0B8E7D9282E8] Interface localized to: en-GB
[2025-12-22T02:30:27.159Z] [ERROR] [LoginViewModel] [A7D3A9D1B069A710] Critical HMI Handshake failure | EX: Error loading discovery document: Error connecting to https://keycloak.yourdomain.com/realms/HMI/.well-known/openid-configuration: Temporary Redirect
[2025-12-22T02:30:28.484Z] [INFO ] [Application] [CF280F373F61AF14] Application is shutting down. Exit Code: 0
[2025-12-22T02:30:28.485Z] [INFO ] [Application] [4D93251B9D43AB78] ----------------- END SESSION -----------------
